<?xml version="1.0" encoding="UTF-8"?>
<!-- Generated by org.testng.reporters.JUnitReportReporter -->
<testsuite skipped="0" hostname="localhost.localdomain" name="LaunchBrowser" tests="1" failures="0" timestamp="28 Nov 2018 16:57:22 GMT" time="1.787" errors="0">
  <testcase name="verifySearchButton" time="1.787" classname="LaunchBrowser"/>
</testsuite> <!-- LaunchBrowser -->
